{"E:\\collagemangementBackend-main\\collagemangementBackend-main\\models\\Assignment.js": {"path":"E:\\collagemangementBackend-main\\collagemangementBackend-main\\models\\Assignment.js","statementMap":{"0":{"start":{"line":1,"column":17},"end":{"line":1,"column":36}},"1":{"start":{"line":3,"column":25},"end":{"line":53,"column":2}},"2":{"start":{"line":55,"column":19},"end":{"line":55,"column":65}},"3":{"start":{"line":57,"column":0},"end":{"line":57,"column":28}}},"fnMap":{},"branchMap":{},"s":{"0":0,"1":0,"2":0,"3":0},"f":{},"b":{}}
,"E:\\collagemangementBackend-main\\collagemangementBackend-main\\models\\Course.js": {"path":"E:\\collagemangementBackend-main\\collagemangementBackend-main\\models\\Course.js","statementMap":{"0":{"start":{"line":1,"column":17},"end":{"line":1,"column":36}},"1":{"start":{"line":3,"column":21},"end":{"line":59,"column":2}},"2":{"start":{"line":61,"column":15},"end":{"line":61,"column":53}},"3":{"start":{"line":63,"column":0},"end":{"line":63,"column":24}}},"fnMap":{},"branchMap":{},"s":{"0":0,"1":0,"2":0,"3":0},"f":{},"b":{}}
,"E:\\collagemangementBackend-main\\collagemangementBackend-main\\models\\Report.js": {"path":"E:\\collagemangementBackend-main\\collagemangementBackend-main\\models\\Report.js","statementMap":{"0":{"start":{"line":1,"column":17},"end":{"line":1,"column":36}},"1":{"start":{"line":3,"column":21},"end":{"line":59,"column":2}},"2":{"start":{"line":62,"column":0},"end":{"line":62,"column":48}},"3":{"start":{"line":63,"column":0},"end":{"line":63,"column":37}},"4":{"start":{"line":66,"column":0},"end":{"line":69,"column":3}},"5":{"start":{"line":67,"column":2},"end":{"line":67,"column":30}},"6":{"start":{"line":68,"column":2},"end":{"line":68,"column":9}},"7":{"start":{"line":71,"column":15},"end":{"line":71,"column":53}},"8":{"start":{"line":73,"column":0},"end":{"line":73,"column":24}}},"fnMap":{"0":{"name":"(anonymous_0)","decl":{"start":{"line":66,"column":25},"end":{"line":66,"column":26}},"loc":{"start":{"line":66,"column":40},"end":{"line":69,"column":1}},"line":66}},"branchMap":{},"s":{"0":0,"1":0,"2":0,"3":0,"4":0,"5":0,"6":0,"7":0,"8":0},"f":{"0":0},"b":{}}
,"E:\\collagemangementBackend-main\\collagemangementBackend-main\\models\\Student.js": {"path":"E:\\collagemangementBackend-main\\collagemangementBackend-main\\models\\Student.js","statementMap":{"0":{"start":{"line":1,"column":17},"end":{"line":1,"column":36}},"1":{"start":{"line":3,"column":22},"end":{"line":50,"column":2}},"2":{"start":{"line":53,"column":0},"end":{"line":53,"column":39}},"3":{"start":{"line":54,"column":0},"end":{"line":54,"column":44}},"4":{"start":{"line":56,"column":16},"end":{"line":56,"column":56}},"5":{"start":{"line":58,"column":0},"end":{"line":58,"column":25}}},"fnMap":{},"branchMap":{},"s":{"0":0,"1":0,"2":0,"3":0,"4":0,"5":0},"f":{},"b":{}}
,"E:\\collagemangementBackend-main\\collagemangementBackend-main\\models\\User.js": {"path":"E:\\collagemangementBackend-main\\collagemangementBackend-main\\models\\User.js","statementMap":{"0":{"start":{"line":1,"column":17},"end":{"line":1,"column":36}},"1":{"start":{"line":2,"column":15},"end":{"line":2,"column":34}},"2":{"start":{"line":4,"column":19},"end":{"line":101,"column":2}},"3":{"start":{"line":104,"column":0},"end":{"line":114,"column":3}},"4":{"start":{"line":105,"column":2},"end":{"line":105,"column":50}},"5":{"start":{"line":105,"column":36},"end":{"line":105,"column":50}},"6":{"start":{"line":107,"column":2},"end":{"line":113,"column":3}},"7":{"start":{"line":108,"column":17},"end":{"line":108,"column":41}},"8":{"start":{"line":109,"column":4},"end":{"line":109,"column":59}},"9":{"start":{"line":110,"column":4},"end":{"line":110,"column":11}},"10":{"start":{"line":112,"column":4},"end":{"line":112,"column":16}},"11":{"start":{"line":117,"column":0},"end":{"line":119,"column":2}},"12":{"start":{"line":118,"column":2},"end":{"line":118,"column":58}},"13":{"start":{"line":121,"column":13},"end":{"line":121,"column":47}},"14":{"start":{"line":123,"column":0},"end":{"line":123,"column":22}}},"fnMap":{"0":{"name":"(anonymous_0)","decl":{"start":{"line":104,"column":23},"end":{"line":104,"column":24}},"loc":{"start":{"line":104,"column":44},"end":{"line":114,"column":1}},"line":104},"1":{"name":"(anonymous_1)","decl":{"start":{"line":117,"column":37},"end":{"line":117,"column":38}},"loc":{"start":{"line":117,"column":71},"end":{"line":119,"column":1}},"line":117}},"branchMap":{"0":{"loc":{"start":{"line":105,"column":2},"end":{"line":105,"column":50}},"type":"if","locations":[{"start":{"line":105,"column":2},"end":{"line":105,"column":50}},{"start":{},"end":{}}],"line":105}},"s":{"0":0,"1":0,"2":0,"3":0,"4":0,"5":0,"6":0,"7":0,"8":0,"9":0,"10":0,"11":0,"12":0,"13":0,"14":0},"f":{"0":0,"1":0},"b":{"0":[0,0]}}
,"E:\\collagemangementBackend-main\\collagemangementBackend-main\\routes\\admin.js": {"path":"E:\\collagemangementBackend-main\\collagemangementBackend-main\\routes\\admin.js","statementMap":{"0":{"start":{"line":1,"column":16},"end":{"line":1,"column":34}},"1":{"start":{"line":2,"column":15},"end":{"line":2,"column":31}},"2":{"start":{"line":3,"column":15},"end":{"line":3,"column":34}},"3":{"start":{"line":4,"column":36},"end":{"line":4,"column":64}},"4":{"start":{"line":5,"column":13},"end":{"line":5,"column":38}},"5":{"start":{"line":6,"column":17},"end":{"line":6,"column":46}},"6":{"start":{"line":9,"column":16},"end":{"line":38,"column":1}},"7":{"start":{"line":10,"column":2},"end":{"line":37,"column":3}},"8":{"start":{"line":11,"column":4},"end":{"line":11,"column":56}},"9":{"start":{"line":13,"column":4},"end":{"line":16,"column":5}},"10":{"start":{"line":14,"column":6},"end":{"line":14,"column":43}},"11":{"start":{"line":15,"column":6},"end":{"line":15,"column":74}},"12":{"start":{"line":18,"column":17},"end":{"line":18,"column":49}},"13":{"start":{"line":20,"column":4},"end":{"line":23,"column":5}},"14":{"start":{"line":21,"column":6},"end":{"line":21,"column":48}},"15":{"start":{"line":22,"column":6},"end":{"line":22,"column":65}},"16":{"start":{"line":25,"column":4},"end":{"line":25,"column":41}},"17":{"start":{"line":27,"column":4},"end":{"line":30,"column":5}},"18":{"start":{"line":28,"column":6},"end":{"line":28,"column":53}},"19":{"start":{"line":29,"column":6},"end":{"line":29,"column":85}},"20":{"start":{"line":32,"column":4},"end":{"line":32,"column":64}},"21":{"start":{"line":33,"column":4},"end":{"line":33,"column":11}},"22":{"start":{"line":35,"column":4},"end":{"line":35,"column":52}},"23":{"start":{"line":36,"column":4},"end":{"line":36,"column":76}},"24":{"start":{"line":43,"column":0},"end":{"line":53,"column":3}},"25":{"start":{"line":44,"column":2},"end":{"line":52,"column":3}},"26":{"start":{"line":45,"column":4},"end":{"line":45,"column":51}},"27":{"start":{"line":46,"column":18},"end":{"line":46,"column":55}},"28":{"start":{"line":47,"column":4},"end":{"line":47,"column":47}},"29":{"start":{"line":48,"column":4},"end":{"line":48,"column":20}},"30":{"start":{"line":50,"column":4},"end":{"line":50,"column":48}},"31":{"start":{"line":51,"column":4},"end":{"line":51,"column":54}},"32":{"start":{"line":58,"column":0},"end":{"line":115,"column":2}},"33":{"start":{"line":70,"column":4},"end":{"line":70,"column":51}},"34":{"start":{"line":71,"column":4},"end":{"line":71,"column":43}},"35":{"start":{"line":73,"column":19},"end":{"line":73,"column":40}},"36":{"start":{"line":74,"column":4},"end":{"line":77,"column":5}},"37":{"start":{"line":75,"column":6},"end":{"line":75,"column":56}},"38":{"start":{"line":76,"column":6},"end":{"line":76,"column":62}},"39":{"start":{"line":79,"column":69},"end":{"line":79,"column":77}},"40":{"start":{"line":81,"column":4},"end":{"line":113,"column":5}},"41":{"start":{"line":83,"column":17},"end":{"line":83,"column":71}},"42":{"start":{"line":85,"column":6},"end":{"line":88,"column":7}},"43":{"start":{"line":86,"column":8},"end":{"line":86,"column":43}},"44":{"start":{"line":87,"column":8},"end":{"line":87,"column":72}},"45":{"start":{"line":91,"column":6},"end":{"line":98,"column":9}},"46":{"start":{"line":101,"column":6},"end":{"line":101,"column":24}},"47":{"start":{"line":102,"column":6},"end":{"line":102,"column":58}},"48":{"start":{"line":105,"column":27},"end":{"line":105,"column":76}},"49":{"start":{"line":106,"column":6},"end":{"line":109,"column":9}},"50":{"start":{"line":111,"column":6},"end":{"line":111,"column":49}},"51":{"start":{"line":112,"column":6},"end":{"line":112,"column":76}},"52":{"start":{"line":120,"column":0},"end":{"line":163,"column":3}},"53":{"start":{"line":121,"column":2},"end":{"line":121,"column":61}},"54":{"start":{"line":122,"column":2},"end":{"line":122,"column":41}},"55":{"start":{"line":124,"column":67},"end":{"line":124,"column":75}},"56":{"start":{"line":127,"column":21},"end":{"line":127,"column":23}},"57":{"start":{"line":128,"column":2},"end":{"line":128,"column":38}},"58":{"start":{"line":128,"column":13},"end":{"line":128,"column":38}},"59":{"start":{"line":129,"column":2},"end":{"line":129,"column":50}},"60":{"start":{"line":129,"column":17},"end":{"line":129,"column":50}},"61":{"start":{"line":130,"column":2},"end":{"line":130,"column":47}},"62":{"start":{"line":130,"column":16},"end":{"line":130,"column":47}},"63":{"start":{"line":131,"column":2},"end":{"line":131,"column":35}},"64":{"start":{"line":131,"column":12},"end":{"line":131,"column":35}},"65":{"start":{"line":134,"column":2},"end":{"line":137,"column":3}},"66":{"start":{"line":135,"column":17},"end":{"line":135,"column":41}},"67":{"start":{"line":136,"column":4},"end":{"line":136,"column":60}},"68":{"start":{"line":139,"column":2},"end":{"line":162,"column":3}},"69":{"start":{"line":140,"column":15},"end":{"line":140,"column":49}},"70":{"start":{"line":142,"column":4},"end":{"line":145,"column":5}},"71":{"start":{"line":143,"column":6},"end":{"line":143,"column":36}},"72":{"start":{"line":144,"column":6},"end":{"line":144,"column":65}},"73":{"start":{"line":148,"column":4},"end":{"line":152,"column":26}},"74":{"start":{"line":154,"column":4},"end":{"line":154,"column":45}},"75":{"start":{"line":155,"column":4},"end":{"line":158,"column":7}},"76":{"start":{"line":160,"column":4},"end":{"line":160,"column":47}},"77":{"start":{"line":161,"column":4},"end":{"line":161,"column":54}},"78":{"start":{"line":168,"column":0},"end":{"line":187,"column":3}},"79":{"start":{"line":169,"column":2},"end":{"line":169,"column":64}},"80":{"start":{"line":171,"column":2},"end":{"line":186,"column":3}},"81":{"start":{"line":172,"column":17},"end":{"line":172,"column":51}},"82":{"start":{"line":174,"column":4},"end":{"line":177,"column":5}},"83":{"start":{"line":175,"column":6},"end":{"line":175,"column":36}},"84":{"start":{"line":176,"column":6},"end":{"line":176,"column":65}},"85":{"start":{"line":179,"column":4},"end":{"line":179,"column":48}},"86":{"start":{"line":180,"column":4},"end":{"line":180,"column":45}},"87":{"start":{"line":182,"column":4},"end":{"line":182,"column":55}},"88":{"start":{"line":184,"column":4},"end":{"line":184,"column":47}},"89":{"start":{"line":185,"column":4},"end":{"line":185,"column":54}},"90":{"start":{"line":189,"column":0},"end":{"line":189,"column":24}}},"fnMap":{"0":{"name":"(anonymous_0)","decl":{"start":{"line":9,"column":16},"end":{"line":9,"column":17}},"loc":{"start":{"line":9,"column":42},"end":{"line":38,"column":1}},"line":9},"1":{"name":"(anonymous_1)","decl":{"start":{"line":43,"column":36},"end":{"line":43,"column":37}},"loc":{"start":{"line":43,"column":56},"end":{"line":53,"column":1}},"line":43},"2":{"name":"(anonymous_2)","decl":{"start":{"line":69,"column":2},"end":{"line":69,"column":3}},"loc":{"start":{"line":69,"column":22},"end":{"line":114,"column":3}},"line":69},"3":{"name":"(anonymous_3)","decl":{"start":{"line":120,"column":40},"end":{"line":120,"column":41}},"loc":{"start":{"line":120,"column":60},"end":{"line":163,"column":1}},"line":120},"4":{"name":"(anonymous_4)","decl":{"start":{"line":168,"column":43},"end":{"line":168,"column":44}},"loc":{"start":{"line":168,"column":63},"end":{"line":187,"column":1}},"line":168}},"branchMap":{"0":{"loc":{"start":{"line":13,"column":4},"end":{"line":16,"column":5}},"type":"if","locations":[{"start":{"line":13,"column":4},"end":{"line":16,"column":5}},{"start":{},"end":{}}],"line":13},"1":{"loc":{"start":{"line":13,"column":8},"end":{"line":13,"column":33}},"type":"binary-expr","locations":[{"start":{"line":13,"column":8},"end":{"line":13,"column":17}},{"start":{"line":13,"column":21},"end":{"line":13,"column":33}}],"line":13},"2":{"loc":{"start":{"line":20,"column":4},"end":{"line":23,"column":5}},"type":"if","locations":[{"start":{"line":20,"column":4},"end":{"line":23,"column":5}},{"start":{},"end":{}}],"line":20},"3":{"loc":{"start":{"line":27,"column":4},"end":{"line":30,"column":5}},"type":"if","locations":[{"start":{"line":27,"column":4},"end":{"line":30,"column":5}},{"start":{},"end":{}}],"line":27},"4":{"loc":{"start":{"line":27,"column":8},"end":{"line":27,"column":59}},"type":"binary-expr","locations":[{"start":{"line":27,"column":8},"end":{"line":27,"column":29}},{"start":{"line":27,"column":33},"end":{"line":27,"column":59}}],"line":27},"5":{"loc":{"start":{"line":74,"column":4},"end":{"line":77,"column":5}},"type":"if","locations":[{"start":{"line":74,"column":4},"end":{"line":77,"column":5}},{"start":{},"end":{}}],"line":74},"6":{"loc":{"start":{"line":85,"column":6},"end":{"line":88,"column":7}},"type":"if","locations":[{"start":{"line":85,"column":6},"end":{"line":88,"column":7}},{"start":{},"end":{}}],"line":85},"7":{"loc":{"start":{"line":128,"column":2},"end":{"line":128,"column":38}},"type":"if","locations":[{"start":{"line":128,"column":2},"end":{"line":128,"column":38}},{"start":{},"end":{}}],"line":128},"8":{"loc":{"start":{"line":129,"column":2},"end":{"line":129,"column":50}},"type":"if","locations":[{"start":{"line":129,"column":2},"end":{"line":129,"column":50}},{"start":{},"end":{}}],"line":129},"9":{"loc":{"start":{"line":130,"column":2},"end":{"line":130,"column":47}},"type":"if","locations":[{"start":{"line":130,"column":2},"end":{"line":130,"column":47}},{"start":{},"end":{}}],"line":130},"10":{"loc":{"start":{"line":131,"column":2},"end":{"line":131,"column":35}},"type":"if","locations":[{"start":{"line":131,"column":2},"end":{"line":131,"column":35}},{"start":{},"end":{}}],"line":131},"11":{"loc":{"start":{"line":134,"column":2},"end":{"line":137,"column":3}},"type":"if","locations":[{"start":{"line":134,"column":2},"end":{"line":137,"column":3}},{"start":{},"end":{}}],"line":134},"12":{"loc":{"start":{"line":142,"column":4},"end":{"line":145,"column":5}},"type":"if","locations":[{"start":{"line":142,"column":4},"end":{"line":145,"column":5}},{"start":{},"end":{}}],"line":142},"13":{"loc":{"start":{"line":174,"column":4},"end":{"line":177,"column":5}},"type":"if","locations":[{"start":{"line":174,"column":4},"end":{"line":177,"column":5}},{"start":{},"end":{}}],"line":174}},"s":{"0":0,"1":0,"2":0,"3":0,"4":0,"5":0,"6":0,"7":0,"8":0,"9":0,"10":0,"11":0,"12":0,"13":0,"14":0,"15":0,"16":0,"17":0,"18":0,"19":0,"20":0,"21":0,"22":0,"23":0,"24":0,"25":0,"26":0,"27":0,"28":0,"29":0,"30":0,"31":0,"32":0,"33":0,"34":0,"35":0,"36":0,"37":0,"38":0,"39":0,"40":0,"41":0,"42":0,"43":0,"44":0,"45":0,"46":0,"47":0,"48":0,"49":0,"50":0,"51":0,"52":0,"53":0,"54":0,"55":0,"56":0,"57":0,"58":0,"59":0,"60":0,"61":0,"62":0,"63":0,"64":0,"65":0,"66":0,"67":0,"68":0,"69":0,"70":0,"71":0,"72":0,"73":0,"74":0,"75":0,"76":0,"77":0,"78":0,"79":0,"80":0,"81":0,"82":0,"83":0,"84":0,"85":0,"86":0,"87":0,"88":0,"89":0,"90":0},"f":{"0":0,"1":0,"2":0,"3":0,"4":0},"b":{"0":[0,0],"1":[0,0],"2":[0,0],"3":[0,0],"4":[0,0],"5":[0,0],"6":[0,0],"7":[0,0],"8":[0,0],"9":[0,0],"10":[0,0],"11":[0,0],"12":[0,0],"13":[0,0]}}
,"E:\\collagemangementBackend-main\\collagemangementBackend-main\\routes\\assignments.js": {"path":"E:\\collagemangementBackend-main\\collagemangementBackend-main\\routes\\assignments.js","statementMap":{"0":{"start":{"line":1,"column":16},"end":{"line":1,"column":34}},"1":{"start":{"line":2,"column":19},"end":{"line":2,"column":50}},"2":{"start":{"line":3,"column":28},"end":{"line":3,"column":57}},"3":{"start":{"line":4,"column":15},"end":{"line":4,"column":31}},"4":{"start":{"line":7,"column":0},"end":{"line":17,"column":3}},"5":{"start":{"line":8,"column":2},"end":{"line":16,"column":3}},"6":{"start":{"line":9,"column":24},"end":{"line":11,"column":56}},"7":{"start":{"line":13,"column":4},"end":{"line":13,"column":26}},"8":{"start":{"line":15,"column":4},"end":{"line":15,"column":54}},"9":{"start":{"line":20,"column":0},"end":{"line":32,"column":3}},"10":{"start":{"line":21,"column":2},"end":{"line":31,"column":3}},"11":{"start":{"line":22,"column":23},"end":{"line":25,"column":6}},"12":{"start":{"line":27,"column":4},"end":{"line":27,"column":28}},"13":{"start":{"line":28,"column":4},"end":{"line":28,"column":37}},"14":{"start":{"line":30,"column":4},"end":{"line":30,"column":54}},"15":{"start":{"line":35,"column":0},"end":{"line":66,"column":3}},"16":{"start":{"line":36,"column":2},"end":{"line":65,"column":3}},"17":{"start":{"line":37,"column":23},"end":{"line":37,"column":63}},"18":{"start":{"line":39,"column":4},"end":{"line":41,"column":5}},"19":{"start":{"line":40,"column":6},"end":{"line":40,"column":71}},"20":{"start":{"line":44,"column":31},"end":{"line":46,"column":5}},"21":{"start":{"line":45,"column":13},"end":{"line":45,"column":63}},"22":{"start":{"line":48,"column":4},"end":{"line":50,"column":5}},"23":{"start":{"line":49,"column":6},"end":{"line":49,"column":68}},"24":{"start":{"line":53,"column":19},"end":{"line":53,"column":73}},"25":{"start":{"line":55,"column":4},"end":{"line":59,"column":7}},"26":{"start":{"line":61,"column":4},"end":{"line":61,"column":28}},"27":{"start":{"line":62,"column":4},"end":{"line":62,"column":75}},"28":{"start":{"line":64,"column":4},"end":{"line":64,"column":54}},"29":{"start":{"line":69,"column":0},"end":{"line":94,"column":3}},"30":{"start":{"line":70,"column":2},"end":{"line":93,"column":3}},"31":{"start":{"line":71,"column":23},"end":{"line":71,"column":63}},"32":{"start":{"line":73,"column":4},"end":{"line":75,"column":5}},"33":{"start":{"line":74,"column":6},"end":{"line":74,"column":71}},"34":{"start":{"line":77,"column":23},"end":{"line":79,"column":5}},"35":{"start":{"line":78,"column":13},"end":{"line":78,"column":60}},"36":{"start":{"line":81,"column":4},"end":{"line":83,"column":5}},"37":{"start":{"line":82,"column":6},"end":{"line":82,"column":71}},"38":{"start":{"line":85,"column":4},"end":{"line":85,"column":38}},"39":{"start":{"line":86,"column":4},"end":{"line":86,"column":44}},"40":{"start":{"line":87,"column":4},"end":{"line":87,"column":33}},"41":{"start":{"line":89,"column":4},"end":{"line":89,"column":28}},"42":{"start":{"line":90,"column":4},"end":{"line":90,"column":60}},"43":{"start":{"line":92,"column":4},"end":{"line":92,"column":54}},"44":{"start":{"line":97,"column":0},"end":{"line":109,"column":3}},"45":{"start":{"line":98,"column":2},"end":{"line":108,"column":3}},"46":{"start":{"line":99,"column":24},"end":{"line":103,"column":40}},"47":{"start":{"line":105,"column":4},"end":{"line":105,"column":26}},"48":{"start":{"line":107,"column":4},"end":{"line":107,"column":54}},"49":{"start":{"line":111,"column":0},"end":{"line":111,"column":24}}},"fnMap":{"0":{"name":"(anonymous_0)","decl":{"start":{"line":7,"column":38},"end":{"line":7,"column":39}},"loc":{"start":{"line":7,"column":58},"end":{"line":17,"column":1}},"line":7},"1":{"name":"(anonymous_1)","decl":{"start":{"line":20,"column":45},"end":{"line":20,"column":46}},"loc":{"start":{"line":20,"column":65},"end":{"line":32,"column":1}},"line":20},"2":{"name":"(anonymous_2)","decl":{"start":{"line":35,"column":55},"end":{"line":35,"column":56}},"loc":{"start":{"line":35,"column":75},"end":{"line":66,"column":1}},"line":35},"3":{"name":"(anonymous_3)","decl":{"start":{"line":45,"column":6},"end":{"line":45,"column":7}},"loc":{"start":{"line":45,"column":13},"end":{"line":45,"column":63}},"line":45},"4":{"name":"(anonymous_4)","decl":{"start":{"line":69,"column":65},"end":{"line":69,"column":66}},"loc":{"start":{"line":69,"column":85},"end":{"line":94,"column":1}},"line":69},"5":{"name":"(anonymous_5)","decl":{"start":{"line":78,"column":6},"end":{"line":78,"column":7}},"loc":{"start":{"line":78,"column":13},"end":{"line":78,"column":60}},"line":78},"6":{"name":"(anonymous_6)","decl":{"start":{"line":97,"column":58},"end":{"line":97,"column":59}},"loc":{"start":{"line":97,"column":78},"end":{"line":109,"column":1}},"line":97}},"branchMap":{"0":{"loc":{"start":{"line":39,"column":4},"end":{"line":41,"column":5}},"type":"if","locations":[{"start":{"line":39,"column":4},"end":{"line":41,"column":5}},{"start":{},"end":{}}],"line":39},"1":{"loc":{"start":{"line":48,"column":4},"end":{"line":50,"column":5}},"type":"if","locations":[{"start":{"line":48,"column":4},"end":{"line":50,"column":5}},{"start":{},"end":{}}],"line":48},"2":{"loc":{"start":{"line":53,"column":19},"end":{"line":53,"column":73}},"type":"cond-expr","locations":[{"start":{"line":53,"column":53},"end":{"line":53,"column":59}},{"start":{"line":53,"column":62},"end":{"line":53,"column":73}}],"line":53},"3":{"loc":{"start":{"line":73,"column":4},"end":{"line":75,"column":5}},"type":"if","locations":[{"start":{"line":73,"column":4},"end":{"line":75,"column":5}},{"start":{},"end":{}}],"line":73},"4":{"loc":{"start":{"line":81,"column":4},"end":{"line":83,"column":5}},"type":"if","locations":[{"start":{"line":81,"column":4},"end":{"line":83,"column":5}},{"start":{},"end":{}}],"line":81}},"s":{"0":0,"1":0,"2":0,"3":0,"4":0,"5":0,"6":0,"7":0,"8":0,"9":0,"10":0,"11":0,"12":0,"13":0,"14":0,"15":0,"16":0,"17":0,"18":0,"19":0,"20":0,"21":0,"22":0,"23":0,"24":0,"25":0,"26":0,"27":0,"28":0,"29":0,"30":0,"31":0,"32":0,"33":0,"34":0,"35":0,"36":0,"37":0,"38":0,"39":0,"40":0,"41":0,"42":0,"43":0,"44":0,"45":0,"46":0,"47":0,"48":0,"49":0},"f":{"0":0,"1":0,"2":0,"3":0,"4":0,"5":0,"6":0},"b":{"0":[0,0],"1":[0,0],"2":[0,0],"3":[0,0],"4":[0,0]}}
,"E:\\collagemangementBackend-main\\collagemangementBackend-main\\routes\\auth.js": {"path":"E:\\collagemangementBackend-main\\collagemangementBackend-main\\routes\\auth.js","statementMap":{"0":{"start":{"line":1,"column":16},"end":{"line":1,"column":34}},"1":{"start":{"line":2,"column":12},"end":{"line":2,"column":35}},"2":{"start":{"line":3,"column":13},"end":{"line":3,"column":38}},"3":{"start":{"line":4,"column":15},"end":{"line":4,"column":31}},"4":{"start":{"line":5,"column":15},"end":{"line":5,"column":34}},"5":{"start":{"line":6,"column":36},"end":{"line":6,"column":64}},"6":{"start":{"line":7,"column":17},"end":{"line":7,"column":46}},"7":{"start":{"line":10,"column":23},"end":{"line":29,"column":1}},"8":{"start":{"line":11,"column":2},"end":{"line":28,"column":3}},"9":{"start":{"line":12,"column":18},"end":{"line":12,"column":58}},"10":{"start":{"line":13,"column":4},"end":{"line":15,"column":5}},"11":{"start":{"line":14,"column":6},"end":{"line":14,"column":68}},"12":{"start":{"line":17,"column":20},"end":{"line":17,"column":82}},"13":{"start":{"line":18,"column":17},"end":{"line":18,"column":52}},"14":{"start":{"line":20,"column":4},"end":{"line":22,"column":5}},"15":{"start":{"line":21,"column":6},"end":{"line":21,"column":65}},"16":{"start":{"line":24,"column":4},"end":{"line":24,"column":20}},"17":{"start":{"line":25,"column":4},"end":{"line":25,"column":11}},"18":{"start":{"line":27,"column":4},"end":{"line":27,"column":55}},"19":{"start":{"line":34,"column":0},"end":{"line":96,"column":3}},"20":{"start":{"line":38,"column":17},"end":{"line":38,"column":38}},"21":{"start":{"line":39,"column":2},"end":{"line":41,"column":3}},"22":{"start":{"line":40,"column":4},"end":{"line":40,"column":60}},"23":{"start":{"line":43,"column":33},"end":{"line":43,"column":41}},"24":{"start":{"line":44,"column":2},"end":{"line":44,"column":55}},"25":{"start":{"line":46,"column":2},"end":{"line":95,"column":3}},"26":{"start":{"line":48,"column":17},"end":{"line":48,"column":49}},"27":{"start":{"line":49,"column":4},"end":{"line":52,"column":5}},"28":{"start":{"line":50,"column":6},"end":{"line":50,"column":36}},"29":{"start":{"line":51,"column":6},"end":{"line":51,"column":70}},"30":{"start":{"line":55,"column":20},"end":{"line":55,"column":56}},"31":{"start":{"line":56,"column":4},"end":{"line":59,"column":5}},"32":{"start":{"line":57,"column":6},"end":{"line":57,"column":45}},"33":{"start":{"line":58,"column":6},"end":{"line":58,"column":70}},"34":{"start":{"line":62,"column":20},"end":{"line":67,"column":5}},"35":{"start":{"line":69,"column":4},"end":{"line":91,"column":6}},"36":{"start":{"line":74,"column":8},"end":{"line":74,"column":27}},"37":{"start":{"line":74,"column":17},"end":{"line":74,"column":27}},"38":{"start":{"line":75,"column":8},"end":{"line":75,"column":60}},"39":{"start":{"line":76,"column":8},"end":{"line":76,"column":47}},"40":{"start":{"line":79,"column":29},"end":{"line":87,"column":9}},"41":{"start":{"line":89,"column":8},"end":{"line":89,"column":48}},"42":{"start":{"line":93,"column":4},"end":{"line":93,"column":39}},"43":{"start":{"line":94,"column":4},"end":{"line":94,"column":54}},"44":{"start":{"line":101,"column":0},"end":{"line":117,"column":3}},"45":{"start":{"line":102,"column":2},"end":{"line":116,"column":3}},"46":{"start":{"line":103,"column":4},"end":{"line":103,"column":66}},"47":{"start":{"line":104,"column":17},"end":{"line":104,"column":69}},"48":{"start":{"line":106,"column":4},"end":{"line":109,"column":5}},"49":{"start":{"line":107,"column":6},"end":{"line":107,"column":36}},"50":{"start":{"line":108,"column":6},"end":{"line":108,"column":65}},"51":{"start":{"line":111,"column":4},"end":{"line":111,"column":46}},"52":{"start":{"line":112,"column":4},"end":{"line":112,"column":19}},"53":{"start":{"line":114,"column":4},"end":{"line":114,"column":54}},"54":{"start":{"line":115,"column":4},"end":{"line":115,"column":54}},"55":{"start":{"line":121,"column":0},"end":{"line":141,"column":3}},"56":{"start":{"line":122,"column":2},"end":{"line":140,"column":3}},"57":{"start":{"line":123,"column":17},"end":{"line":123,"column":50}},"58":{"start":{"line":125,"column":4},"end":{"line":127,"column":5}},"59":{"start":{"line":126,"column":6},"end":{"line":126,"column":65}},"60":{"start":{"line":129,"column":4},"end":{"line":131,"column":5}},"61":{"start":{"line":130,"column":6},"end":{"line":130,"column":65}},"62":{"start":{"line":133,"column":4},"end":{"line":133,"column":44}},"63":{"start":{"line":134,"column":4},"end":{"line":134,"column":22}},"64":{"start":{"line":136,"column":4},"end":{"line":136,"column":76}},"65":{"start":{"line":138,"column":4},"end":{"line":138,"column":31}},"66":{"start":{"line":139,"column":4},"end":{"line":139,"column":41}},"67":{"start":{"line":145,"column":0},"end":{"line":192,"column":3}},"68":{"start":{"line":156,"column":17},"end":{"line":156,"column":38}},"69":{"start":{"line":157,"column":2},"end":{"line":159,"column":3}},"70":{"start":{"line":158,"column":4},"end":{"line":158,"column":60}},"71":{"start":{"line":161,"column":2},"end":{"line":191,"column":3}},"72":{"start":{"line":163,"column":4},"end":{"line":165,"column":5}},"73":{"start":{"line":164,"column":6},"end":{"line":164,"column":65}},"74":{"start":{"line":167,"column":32},"end":{"line":167,"column":40}},"75":{"start":{"line":170,"column":15},"end":{"line":170,"column":69}},"76":{"start":{"line":171,"column":4},"end":{"line":173,"column":5}},"77":{"start":{"line":172,"column":6},"end":{"line":172,"column":70}},"78":{"start":{"line":175,"column":4},"end":{"line":175,"column":30}},"79":{"start":{"line":176,"column":4},"end":{"line":176,"column":22}},"80":{"start":{"line":178,"column":4},"end":{"line":187,"column":7}},"81":{"start":{"line":189,"column":4},"end":{"line":189,"column":45}},"82":{"start":{"line":190,"column":4},"end":{"line":190,"column":54}},"83":{"start":{"line":195,"column":0},"end":{"line":207,"column":3}},"84":{"start":{"line":196,"column":2},"end":{"line":206,"column":3}},"85":{"start":{"line":197,"column":4},"end":{"line":199,"column":5}},"86":{"start":{"line":198,"column":6},"end":{"line":198,"column":64}},"87":{"start":{"line":201,"column":18},"end":{"line":201,"column":54}},"88":{"start":{"line":202,"column":4},"end":{"line":202,"column":20}},"89":{"start":{"line":204,"column":4},"end":{"line":204,"column":45}},"90":{"start":{"line":205,"column":4},"end":{"line":205,"column":54}},"91":{"start":{"line":210,"column":0},"end":{"line":240,"column":3}},"92":{"start":{"line":211,"column":2},"end":{"line":239,"column":3}},"93":{"start":{"line":212,"column":4},"end":{"line":214,"column":5}},"94":{"start":{"line":213,"column":6},"end":{"line":213,"column":64}},"95":{"start":{"line":216,"column":69},"end":{"line":216,"column":77}},"96":{"start":{"line":219,"column":25},"end":{"line":219,"column":57}},"97":{"start":{"line":220,"column":4},"end":{"line":222,"column":5}},"98":{"start":{"line":221,"column":6},"end":{"line":221,"column":74}},"99":{"start":{"line":224,"column":17},"end":{"line":231,"column":6}},"100":{"start":{"line":233,"column":4},"end":{"line":233,"column":22}},"101":{"start":{"line":234,"column":22},"end":{"line":234,"column":71}},"102":{"start":{"line":235,"column":4},"end":{"line":235,"column":36}},"103":{"start":{"line":237,"column":4},"end":{"line":237,"column":47}},"104":{"start":{"line":238,"column":4},"end":{"line":238,"column":54}},"105":{"start":{"line":243,"column":0},"end":{"line":282,"column":3}},"106":{"start":{"line":244,"column":2},"end":{"line":281,"column":3}},"107":{"start":{"line":245,"column":4},"end":{"line":247,"column":5}},"108":{"start":{"line":246,"column":6},"end":{"line":246,"column":64}},"109":{"start":{"line":249,"column":19},"end":{"line":249,"column":29}},"110":{"start":{"line":250,"column":69},"end":{"line":250,"column":77}},"111":{"start":{"line":252,"column":17},"end":{"line":252,"column":40}},"112":{"start":{"line":253,"column":4},"end":{"line":255,"column":5}},"113":{"start":{"line":254,"column":6},"end":{"line":254,"column":65}},"114":{"start":{"line":258,"column":4},"end":{"line":263,"column":5}},"115":{"start":{"line":259,"column":27},"end":{"line":259,"column":59}},"116":{"start":{"line":260,"column":6},"end":{"line":262,"column":7}},"117":{"start":{"line":261,"column":8},"end":{"line":261,"column":76}},"118":{"start":{"line":265,"column":4},"end":{"line":265,"column":29}},"119":{"start":{"line":266,"column":4},"end":{"line":266,"column":23}},"120":{"start":{"line":267,"column":4},"end":{"line":267,"column":31}},"121":{"start":{"line":268,"column":4},"end":{"line":268,"column":29}},"122":{"start":{"line":269,"column":4},"end":{"line":269,"column":21}},"123":{"start":{"line":271,"column":4},"end":{"line":273,"column":5}},"124":{"start":{"line":272,"column":6},"end":{"line":272,"column":31}},"125":{"start":{"line":275,"column":4},"end":{"line":275,"column":22}},"126":{"start":{"line":276,"column":24},"end":{"line":276,"column":67}},"127":{"start":{"line":277,"column":4},"end":{"line":277,"column":26}},"128":{"start":{"line":279,"column":4},"end":{"line":279,"column":47}},"129":{"start":{"line":280,"column":4},"end":{"line":280,"column":54}},"130":{"start":{"line":285,"column":0},"end":{"line":303,"column":3}},"131":{"start":{"line":286,"column":2},"end":{"line":302,"column":3}},"132":{"start":{"line":287,"column":4},"end":{"line":289,"column":5}},"133":{"start":{"line":288,"column":6},"end":{"line":288,"column":64}},"134":{"start":{"line":291,"column":19},"end":{"line":291,"column":29}},"135":{"start":{"line":292,"column":17},"end":{"line":292,"column":49}},"136":{"start":{"line":294,"column":4},"end":{"line":296,"column":5}},"137":{"start":{"line":295,"column":6},"end":{"line":295,"column":65}},"138":{"start":{"line":298,"column":4},"end":{"line":298,"column":55}},"139":{"start":{"line":300,"column":4},"end":{"line":300,"column":47}},"140":{"start":{"line":301,"column":4},"end":{"line":301,"column":54}},"141":{"start":{"line":306,"column":32},"end":{"line":324,"column":1}},"142":{"start":{"line":307,"column":2},"end":{"line":323,"column":3}},"143":{"start":{"line":308,"column":22},"end":{"line":308,"column":49}},"144":{"start":{"line":309,"column":4},"end":{"line":320,"column":5}},"145":{"start":{"line":310,"column":25},"end":{"line":317,"column":8}},"146":{"start":{"line":318,"column":6},"end":{"line":318,"column":30}},"147":{"start":{"line":319,"column":6},"end":{"line":319,"column":48}},"148":{"start":{"line":322,"column":4},"end":{"line":322,"column":63}},"149":{"start":{"line":327,"column":0},"end":{"line":327,"column":26}},"150":{"start":{"line":329,"column":0},"end":{"line":329,"column":24}}},"fnMap":{"0":{"name":"(anonymous_0)","decl":{"start":{"line":10,"column":23},"end":{"line":10,"column":24}},"loc":{"start":{"line":10,"column":49},"end":{"line":29,"column":1}},"line":10},"1":{"name":"(anonymous_1)","decl":{"start":{"line":37,"column":3},"end":{"line":37,"column":4}},"loc":{"start":{"line":37,"column":23},"end":{"line":96,"column":1}},"line":37},"2":{"name":"(anonymous_2)","decl":{"start":{"line":73,"column":6},"end":{"line":73,"column":7}},"loc":{"start":{"line":73,"column":22},"end":{"line":90,"column":7}},"line":73},"3":{"name":"(anonymous_3)","decl":{"start":{"line":101,"column":24},"end":{"line":101,"column":25}},"loc":{"start":{"line":101,"column":44},"end":{"line":117,"column":1}},"line":101},"4":{"name":"(anonymous_4)","decl":{"start":{"line":121,"column":44},"end":{"line":121,"column":45}},"loc":{"start":{"line":121,"column":64},"end":{"line":141,"column":1}},"line":121},"5":{"name":"(anonymous_5)","decl":{"start":{"line":155,"column":3},"end":{"line":155,"column":4}},"loc":{"start":{"line":155,"column":23},"end":{"line":192,"column":1}},"line":155},"6":{"name":"(anonymous_6)","decl":{"start":{"line":195,"column":37},"end":{"line":195,"column":38}},"loc":{"start":{"line":195,"column":57},"end":{"line":207,"column":1}},"line":195},"7":{"name":"(anonymous_7)","decl":{"start":{"line":210,"column":38},"end":{"line":210,"column":39}},"loc":{"start":{"line":210,"column":58},"end":{"line":240,"column":1}},"line":210},"8":{"name":"(anonymous_8)","decl":{"start":{"line":243,"column":41},"end":{"line":243,"column":42}},"loc":{"start":{"line":243,"column":61},"end":{"line":282,"column":1}},"line":243},"9":{"name":"(anonymous_9)","decl":{"start":{"line":285,"column":44},"end":{"line":285,"column":45}},"loc":{"start":{"line":285,"column":64},"end":{"line":303,"column":1}},"line":285},"10":{"name":"(anonymous_10)","decl":{"start":{"line":306,"column":32},"end":{"line":306,"column":33}},"loc":{"start":{"line":306,"column":44},"end":{"line":324,"column":1}},"line":306}},"branchMap":{"0":{"loc":{"start":{"line":13,"column":4},"end":{"line":15,"column":5}},"type":"if","locations":[{"start":{"line":13,"column":4},"end":{"line":15,"column":5}},{"start":{},"end":{}}],"line":13},"1":{"loc":{"start":{"line":17,"column":38},"end":{"line":17,"column":81}},"type":"binary-expr","locations":[{"start":{"line":17,"column":38},"end":{"line":17,"column":60}},{"start":{"line":17,"column":64},"end":{"line":17,"column":81}}],"line":17},"2":{"loc":{"start":{"line":20,"column":4},"end":{"line":22,"column":5}},"type":"if","locations":[{"start":{"line":20,"column":4},"end":{"line":22,"column":5}},{"start":{},"end":{}}],"line":20},"3":{"loc":{"start":{"line":39,"column":2},"end":{"line":41,"column":3}},"type":"if","locations":[{"start":{"line":39,"column":2},"end":{"line":41,"column":3}},{"start":{},"end":{}}],"line":39},"4":{"loc":{"start":{"line":49,"column":4},"end":{"line":52,"column":5}},"type":"if","locations":[{"start":{"line":49,"column":4},"end":{"line":52,"column":5}},{"start":{},"end":{}}],"line":49},"5":{"loc":{"start":{"line":56,"column":4},"end":{"line":59,"column":5}},"type":"if","locations":[{"start":{"line":56,"column":4},"end":{"line":59,"column":5}},{"start":{},"end":{}}],"line":56},"6":{"loc":{"start":{"line":74,"column":8},"end":{"line":74,"column":27}},"type":"if","locations":[{"start":{"line":74,"column":8},"end":{"line":74,"column":27}},{"start":{},"end":{}}],"line":74},"7":{"loc":{"start":{"line":106,"column":4},"end":{"line":109,"column":5}},"type":"if","locations":[{"start":{"line":106,"column":4},"end":{"line":109,"column":5}},{"start":{},"end":{}}],"line":106},"8":{"loc":{"start":{"line":125,"column":4},"end":{"line":127,"column":5}},"type":"if","locations":[{"start":{"line":125,"column":4},"end":{"line":127,"column":5}},{"start":{},"end":{}}],"line":125},"9":{"loc":{"start":{"line":129,"column":4},"end":{"line":131,"column":5}},"type":"if","locations":[{"start":{"line":129,"column":4},"end":{"line":131,"column":5}},{"start":{},"end":{}}],"line":129},"10":{"loc":{"start":{"line":157,"column":2},"end":{"line":159,"column":3}},"type":"if","locations":[{"start":{"line":157,"column":2},"end":{"line":159,"column":3}},{"start":{},"end":{}}],"line":157},"11":{"loc":{"start":{"line":163,"column":4},"end":{"line":165,"column":5}},"type":"if","locations":[{"start":{"line":163,"column":4},"end":{"line":165,"column":5}},{"start":{},"end":{}}],"line":163},"12":{"loc":{"start":{"line":171,"column":4},"end":{"line":173,"column":5}},"type":"if","locations":[{"start":{"line":171,"column":4},"end":{"line":173,"column":5}},{"start":{},"end":{}}],"line":171},"13":{"loc":{"start":{"line":197,"column":4},"end":{"line":199,"column":5}},"type":"if","locations":[{"start":{"line":197,"column":4},"end":{"line":199,"column":5}},{"start":{},"end":{}}],"line":197},"14":{"loc":{"start":{"line":212,"column":4},"end":{"line":214,"column":5}},"type":"if","locations":[{"start":{"line":212,"column":4},"end":{"line":214,"column":5}},{"start":{},"end":{}}],"line":212},"15":{"loc":{"start":{"line":220,"column":4},"end":{"line":222,"column":5}},"type":"if","locations":[{"start":{"line":220,"column":4},"end":{"line":222,"column":5}},{"start":{},"end":{}}],"line":220},"16":{"loc":{"start":{"line":245,"column":4},"end":{"line":247,"column":5}},"type":"if","locations":[{"start":{"line":245,"column":4},"end":{"line":247,"column":5}},{"start":{},"end":{}}],"line":245},"17":{"loc":{"start":{"line":253,"column":4},"end":{"line":255,"column":5}},"type":"if","locations":[{"start":{"line":253,"column":4},"end":{"line":255,"column":5}},{"start":{},"end":{}}],"line":253},"18":{"loc":{"start":{"line":258,"column":4},"end":{"line":263,"column":5}},"type":"if","locations":[{"start":{"line":258,"column":4},"end":{"line":263,"column":5}},{"start":{},"end":{}}],"line":258},"19":{"loc":{"start":{"line":260,"column":6},"end":{"line":262,"column":7}},"type":"if","locations":[{"start":{"line":260,"column":6},"end":{"line":262,"column":7}},{"start":{},"end":{}}],"line":260},"20":{"loc":{"start":{"line":271,"column":4},"end":{"line":273,"column":5}},"type":"if","locations":[{"start":{"line":271,"column":4},"end":{"line":273,"column":5}},{"start":{},"end":{}}],"line":271},"21":{"loc":{"start":{"line":287,"column":4},"end":{"line":289,"column":5}},"type":"if","locations":[{"start":{"line":287,"column":4},"end":{"line":289,"column":5}},{"start":{},"end":{}}],"line":287},"22":{"loc":{"start":{"line":294,"column":4},"end":{"line":296,"column":5}},"type":"if","locations":[{"start":{"line":294,"column":4},"end":{"line":296,"column":5}},{"start":{},"end":{}}],"line":294},"23":{"loc":{"start":{"line":309,"column":4},"end":{"line":320,"column":5}},"type":"if","locations":[{"start":{"line":309,"column":4},"end":{"line":320,"column":5}},{"start":{},"end":{}}],"line":309}},"s":{"0":0,"1":0,"2":0,"3":0,"4":0,"5":0,"6":0,"7":0,"8":0,"9":0,"10":0,"11":0,"12":0,"13":0,"14":0,"15":0,"16":0,"17":0,"18":0,"19":0,"20":0,"21":0,"22":0,"23":0,"24":0,"25":0,"26":0,"27":0,"28":0,"29":0,"30":0,"31":0,"32":0,"33":0,"34":0,"35":0,"36":0,"37":0,"38":0,"39":0,"40":0,"41":0,"42":0,"43":0,"44":0,"45":0,"46":0,"47":0,"48":0,"49":0,"50":0,"51":0,"52":0,"53":0,"54":0,"55":0,"56":0,"57":0,"58":0,"59":0,"60":0,"61":0,"62":0,"63":0,"64":0,"65":0,"66":0,"67":0,"68":0,"69":0,"70":0,"71":0,"72":0,"73":0,"74":0,"75":0,"76":0,"77":0,"78":0,"79":0,"80":0,"81":0,"82":0,"83":0,"84":0,"85":0,"86":0,"87":0,"88":0,"89":0,"90":0,"91":0,"92":0,"93":0,"94":0,"95":0,"96":0,"97":0,"98":0,"99":0,"100":0,"101":0,"102":0,"103":0,"104":0,"105":0,"106":0,"107":0,"108":0,"109":0,"110":0,"111":0,"112":0,"113":0,"114":0,"115":0,"116":0,"117":0,"118":0,"119":0,"120":0,"121":0,"122":0,"123":0,"124":0,"125":0,"126":0,"127":0,"128":0,"129":0,"130":0,"131":0,"132":0,"133":0,"134":0,"135":0,"136":0,"137":0,"138":0,"139":0,"140":0,"141":0,"142":0,"143":0,"144":0,"145":0,"146":0,"147":0,"148":0,"149":0,"150":0},"f":{"0":0,"1":0,"2":0,"3":0,"4":0,"5":0,"6":0,"7":0,"8":0,"9":0,"10":0},"b":{"0":[0,0],"1":[0,0],"2":[0,0],"3":[0,0],"4":[0,0],"5":[0,0],"6":[0,0],"7":[0,0],"8":[0,0],"9":[0,0],"10":[0,0],"11":[0,0],"12":[0,0],"13":[0,0],"14":[0,0],"15":[0,0],"16":[0,0],"17":[0,0],"18":[0,0],"19":[0,0],"20":[0,0],"21":[0,0],"22":[0,0],"23":[0,0]}}
,"E:\\collagemangementBackend-main\\collagemangementBackend-main\\routes\\courses.js": {"path":"E:\\collagemangementBackend-main\\collagemangementBackend-main\\routes\\courses.js","statementMap":{"0":{"start":{"line":1,"column":16},"end":{"line":1,"column":34}},"1":{"start":{"line":2,"column":15},"end":{"line":2,"column":42}},"2":{"start":{"line":3,"column":28},"end":{"line":3,"column":57}},"3":{"start":{"line":4,"column":15},"end":{"line":4,"column":31}},"4":{"start":{"line":7,"column":0},"end":{"line":28,"column":3}},"5":{"start":{"line":8,"column":2},"end":{"line":27,"column":3}},"6":{"start":{"line":9,"column":35},"end":{"line":9,"column":44}},"7":{"start":{"line":10,"column":19},"end":{"line":10,"column":21}},"8":{"start":{"line":12,"column":4},"end":{"line":12,"column":39}},"9":{"start":{"line":12,"column":16},"end":{"line":12,"column":39}},"10":{"start":{"line":13,"column":4},"end":{"line":13,"column":51}},"11":{"start":{"line":13,"column":20},"end":{"line":13,"column":51}},"12":{"start":{"line":16,"column":4},"end":{"line":18,"column":5}},"13":{"start":{"line":17,"column":6},"end":{"line":17,"column":37}},"14":{"start":{"line":20,"column":20},"end":{"line":22,"column":45}},"15":{"start":{"line":24,"column":4},"end":{"line":24,"column":22}},"16":{"start":{"line":26,"column":4},"end":{"line":26,"column":54}},"17":{"start":{"line":31,"column":0},"end":{"line":43,"column":3}},"18":{"start":{"line":32,"column":2},"end":{"line":42,"column":3}},"19":{"start":{"line":33,"column":19},"end":{"line":36,"column":6}},"20":{"start":{"line":38,"column":4},"end":{"line":38,"column":24}},"21":{"start":{"line":39,"column":4},"end":{"line":39,"column":33}},"22":{"start":{"line":41,"column":4},"end":{"line":41,"column":54}},"23":{"start":{"line":46,"column":0},"end":{"line":60,"column":3}},"24":{"start":{"line":47,"column":2},"end":{"line":59,"column":3}},"25":{"start":{"line":48,"column":19},"end":{"line":50,"column":45}},"26":{"start":{"line":52,"column":4},"end":{"line":54,"column":5}},"27":{"start":{"line":53,"column":6},"end":{"line":53,"column":67}},"28":{"start":{"line":56,"column":4},"end":{"line":56,"column":21}},"29":{"start":{"line":58,"column":4},"end":{"line":58,"column":54}},"30":{"start":{"line":63,"column":0},"end":{"line":82,"column":3}},"31":{"start":{"line":64,"column":2},"end":{"line":81,"column":3}},"32":{"start":{"line":65,"column":19},"end":{"line":65,"column":55}},"33":{"start":{"line":67,"column":4},"end":{"line":69,"column":5}},"34":{"start":{"line":68,"column":6},"end":{"line":68,"column":67}},"35":{"start":{"line":72,"column":4},"end":{"line":74,"column":5}},"36":{"start":{"line":73,"column":6},"end":{"line":73,"column":65}},"37":{"start":{"line":76,"column":4},"end":{"line":76,"column":36}},"38":{"start":{"line":77,"column":4},"end":{"line":77,"column":24}},"39":{"start":{"line":78,"column":4},"end":{"line":78,"column":21}},"40":{"start":{"line":80,"column":4},"end":{"line":80,"column":54}},"41":{"start":{"line":85,"column":0},"end":{"line":103,"column":3}},"42":{"start":{"line":86,"column":2},"end":{"line":102,"column":3}},"43":{"start":{"line":87,"column":19},"end":{"line":87,"column":55}},"44":{"start":{"line":89,"column":4},"end":{"line":91,"column":5}},"45":{"start":{"line":90,"column":6},"end":{"line":90,"column":67}},"46":{"start":{"line":93,"column":4},"end":{"line":95,"column":5}},"47":{"start":{"line":94,"column":6},"end":{"line":94,"column":67}},"48":{"start":{"line":97,"column":4},"end":{"line":97,"column":39}},"49":{"start":{"line":98,"column":4},"end":{"line":98,"column":24}},"50":{"start":{"line":99,"column":4},"end":{"line":99,"column":51}},"51":{"start":{"line":101,"column":4},"end":{"line":101,"column":54}},"52":{"start":{"line":106,"column":0},"end":{"line":124,"column":3}},"53":{"start":{"line":107,"column":2},"end":{"line":123,"column":3}},"54":{"start":{"line":108,"column":19},"end":{"line":108,"column":55}},"55":{"start":{"line":110,"column":4},"end":{"line":112,"column":5}},"56":{"start":{"line":111,"column":6},"end":{"line":111,"column":67}},"57":{"start":{"line":114,"column":4},"end":{"line":116,"column":5}},"58":{"start":{"line":115,"column":6},"end":{"line":115,"column":65}},"59":{"start":{"line":118,"column":4},"end":{"line":118,"column":36}},"60":{"start":{"line":119,"column":4},"end":{"line":119,"column":24}},"61":{"start":{"line":120,"column":4},"end":{"line":120,"column":72}},"62":{"start":{"line":122,"column":4},"end":{"line":122,"column":54}},"63":{"start":{"line":126,"column":0},"end":{"line":126,"column":24}}},"fnMap":{"0":{"name":"(anonymous_0)","decl":{"start":{"line":7,"column":22},"end":{"line":7,"column":23}},"loc":{"start":{"line":7,"column":42},"end":{"line":28,"column":1}},"line":7},"1":{"name":"(anonymous_1)","decl":{"start":{"line":31,"column":54},"end":{"line":31,"column":55}},"loc":{"start":{"line":31,"column":74},"end":{"line":43,"column":1}},"line":31},"2":{"name":"(anonymous_2)","decl":{"start":{"line":46,"column":25},"end":{"line":46,"column":26}},"loc":{"start":{"line":46,"column":45},"end":{"line":60,"column":1}},"line":46},"3":{"name":"(anonymous_3)","decl":{"start":{"line":63,"column":56},"end":{"line":63,"column":57}},"loc":{"start":{"line":63,"column":76},"end":{"line":82,"column":1}},"line":63},"4":{"name":"(anonymous_4)","decl":{"start":{"line":85,"column":55},"end":{"line":85,"column":56}},"loc":{"start":{"line":85,"column":75},"end":{"line":103,"column":1}},"line":85},"5":{"name":"(anonymous_5)","decl":{"start":{"line":106,"column":58},"end":{"line":106,"column":59}},"loc":{"start":{"line":106,"column":78},"end":{"line":124,"column":1}},"line":106}},"branchMap":{"0":{"loc":{"start":{"line":12,"column":4},"end":{"line":12,"column":39}},"type":"if","locations":[{"start":{"line":12,"column":4},"end":{"line":12,"column":39}},{"start":{},"end":{}}],"line":12},"1":{"loc":{"start":{"line":13,"column":4},"end":{"line":13,"column":51}},"type":"if","locations":[{"start":{"line":13,"column":4},"end":{"line":13,"column":51}},{"start":{},"end":{}}],"line":13},"2":{"loc":{"start":{"line":16,"column":4},"end":{"line":18,"column":5}},"type":"if","locations":[{"start":{"line":16,"column":4},"end":{"line":18,"column":5}},{"start":{},"end":{}}],"line":16},"3":{"loc":{"start":{"line":52,"column":4},"end":{"line":54,"column":5}},"type":"if","locations":[{"start":{"line":52,"column":4},"end":{"line":54,"column":5}},{"start":{},"end":{}}],"line":52},"4":{"loc":{"start":{"line":67,"column":4},"end":{"line":69,"column":5}},"type":"if","locations":[{"start":{"line":67,"column":4},"end":{"line":69,"column":5}},{"start":{},"end":{}}],"line":67},"5":{"loc":{"start":{"line":72,"column":4},"end":{"line":74,"column":5}},"type":"if","locations":[{"start":{"line":72,"column":4},"end":{"line":74,"column":5}},{"start":{},"end":{}}],"line":72},"6":{"loc":{"start":{"line":72,"column":8},"end":{"line":72,"column":93}},"type":"binary-expr","locations":[{"start":{"line":72,"column":8},"end":{"line":72,"column":33}},{"start":{"line":72,"column":37},"end":{"line":72,"column":93}}],"line":72},"7":{"loc":{"start":{"line":89,"column":4},"end":{"line":91,"column":5}},"type":"if","locations":[{"start":{"line":89,"column":4},"end":{"line":91,"column":5}},{"start":{},"end":{}}],"line":89},"8":{"loc":{"start":{"line":93,"column":4},"end":{"line":95,"column":5}},"type":"if","locations":[{"start":{"line":93,"column":4},"end":{"line":95,"column":5}},{"start":{},"end":{}}],"line":93},"9":{"loc":{"start":{"line":110,"column":4},"end":{"line":112,"column":5}},"type":"if","locations":[{"start":{"line":110,"column":4},"end":{"line":112,"column":5}},{"start":{},"end":{}}],"line":110},"10":{"loc":{"start":{"line":114,"column":4},"end":{"line":116,"column":5}},"type":"if","locations":[{"start":{"line":114,"column":4},"end":{"line":116,"column":5}},{"start":{},"end":{}}],"line":114}},"s":{"0":0,"1":0,"2":0,"3":0,"4":0,"5":0,"6":0,"7":0,"8":0,"9":0,"10":0,"11":0,"12":0,"13":0,"14":0,"15":0,"16":0,"17":0,"18":0,"19":0,"20":0,"21":0,"22":0,"23":0,"24":0,"25":0,"26":0,"27":0,"28":0,"29":0,"30":0,"31":0,"32":0,"33":0,"34":0,"35":0,"36":0,"37":0,"38":0,"39":0,"40":0,"41":0,"42":0,"43":0,"44":0,"45":0,"46":0,"47":0,"48":0,"49":0,"50":0,"51":0,"52":0,"53":0,"54":0,"55":0,"56":0,"57":0,"58":0,"59":0,"60":0,"61":0,"62":0,"63":0},"f":{"0":0,"1":0,"2":0,"3":0,"4":0,"5":0},"b":{"0":[0,0],"1":[0,0],"2":[0,0],"3":[0,0],"4":[0,0],"5":[0,0],"6":[0,0],"7":[0,0],"8":[0,0],"9":[0,0],"10":[0,0]}}
,"E:\\collagemangementBackend-main\\collagemangementBackend-main\\routes\\profile.js": {"path":"E:\\collagemangementBackend-main\\collagemangementBackend-main\\routes\\profile.js","statementMap":{"0":{"start":{"line":1,"column":16},"end":{"line":1,"column":34}},"1":{"start":{"line":2,"column":17},"end":{"line":2,"column":46}},"2":{"start":{"line":3,"column":13},"end":{"line":3,"column":38}},"3":{"start":{"line":4,"column":15},"end":{"line":4,"column":31}},"4":{"start":{"line":7,"column":0},"end":{"line":42,"column":3}},"5":{"start":{"line":8,"column":2},"end":{"line":41,"column":3}},"6":{"start":{"line":9,"column":20},"end":{"line":9,"column":28}},"7":{"start":{"line":10,"column":17},"end":{"line":10,"column":50}},"8":{"start":{"line":12,"column":4},"end":{"line":14,"column":5}},"9":{"start":{"line":13,"column":6},"end":{"line":13,"column":65}},"10":{"start":{"line":17,"column":27},"end":{"line":28,"column":5}},"11":{"start":{"line":30,"column":4},"end":{"line":34,"column":7}},"12":{"start":{"line":31,"column":6},"end":{"line":33,"column":7}},"13":{"start":{"line":32,"column":8},"end":{"line":32,"column":37}},"14":{"start":{"line":36,"column":4},"end":{"line":36,"column":22}},"15":{"start":{"line":37,"column":4},"end":{"line":37,"column":64}},"16":{"start":{"line":39,"column":4},"end":{"line":39,"column":50}},"17":{"start":{"line":40,"column":4},"end":{"line":40,"column":64}},"18":{"start":{"line":45,"column":0},"end":{"line":55,"column":3}},"19":{"start":{"line":46,"column":2},"end":{"line":54,"column":3}},"20":{"start":{"line":47,"column":17},"end":{"line":47,"column":70}},"21":{"start":{"line":48,"column":4},"end":{"line":50,"column":5}},"22":{"start":{"line":49,"column":6},"end":{"line":49,"column":65}},"23":{"start":{"line":51,"column":4},"end":{"line":51,"column":19}},"24":{"start":{"line":53,"column":4},"end":{"line":53,"column":64}},"25":{"start":{"line":57,"column":0},"end":{"line":57,"column":24}}},"fnMap":{"0":{"name":"(anonymous_0)","decl":{"start":{"line":7,"column":28},"end":{"line":7,"column":29}},"loc":{"start":{"line":7,"column":48},"end":{"line":42,"column":1}},"line":7},"1":{"name":"(anonymous_1)","decl":{"start":{"line":30,"column":27},"end":{"line":30,"column":28}},"loc":{"start":{"line":30,"column":36},"end":{"line":34,"column":5}},"line":30},"2":{"name":"(anonymous_2)","decl":{"start":{"line":45,"column":22},"end":{"line":45,"column":23}},"loc":{"start":{"line":45,"column":42},"end":{"line":55,"column":1}},"line":45}},"branchMap":{"0":{"loc":{"start":{"line":12,"column":4},"end":{"line":14,"column":5}},"type":"if","locations":[{"start":{"line":12,"column":4},"end":{"line":14,"column":5}},{"start":{},"end":{}}],"line":12},"1":{"loc":{"start":{"line":31,"column":6},"end":{"line":33,"column":7}},"type":"if","locations":[{"start":{"line":31,"column":6},"end":{"line":33,"column":7}},{"start":{},"end":{}}],"line":31},"2":{"loc":{"start":{"line":48,"column":4},"end":{"line":50,"column":5}},"type":"if","locations":[{"start":{"line":48,"column":4},"end":{"line":50,"column":5}},{"start":{},"end":{}}],"line":48}},"s":{"0":0,"1":0,"2":0,"3":0,"4":0,"5":0,"6":0,"7":0,"8":0,"9":0,"10":0,"11":0,"12":0,"13":0,"14":0,"15":0,"16":0,"17":0,"18":0,"19":0,"20":0,"21":0,"22":0,"23":0,"24":0,"25":0},"f":{"0":0,"1":0,"2":0},"b":{"0":[0,0],"1":[0,0],"2":[0,0]}}
,"E:\\collagemangementBackend-main\\collagemangementBackend-main\\routes\\reports.js": {"path":"E:\\collagemangementBackend-main\\collagemangementBackend-main\\routes\\reports.js","statementMap":{"0":{"start":{"line":1,"column":16},"end":{"line":1,"column":34}},"1":{"start":{"line":2,"column":15},"end":{"line":2,"column":31}},"2":{"start":{"line":3,"column":15},"end":{"line":3,"column":32}},"3":{"start":{"line":4,"column":13},"end":{"line":4,"column":28}},"4":{"start":{"line":5,"column":11},"end":{"line":5,"column":24}},"5":{"start":{"line":6,"column":17},"end":{"line":6,"column":46}},"6":{"start":{"line":7,"column":15},"end":{"line":7,"column":42}},"7":{"start":{"line":8,"column":16},"end":{"line":8,"column":44}},"8":{"start":{"line":11,"column":16},"end":{"line":23,"column":2}},"9":{"start":{"line":13,"column":22},"end":{"line":13,"column":39}},"10":{"start":{"line":14,"column":4},"end":{"line":16,"column":5}},"11":{"start":{"line":15,"column":6},"end":{"line":15,"column":51}},"12":{"start":{"line":17,"column":4},"end":{"line":17,"column":24}},"13":{"start":{"line":20,"column":25},"end":{"line":20,"column":75}},"14":{"start":{"line":21,"column":4},"end":{"line":21,"column":61}},"15":{"start":{"line":25,"column":15},"end":{"line":37,"column":2}},"16":{"start":{"line":29,"column":25},"end":{"line":29,"column":50}},"17":{"start":{"line":30,"column":16},"end":{"line":30,"column":61}},"18":{"start":{"line":31,"column":4},"end":{"line":35,"column":5}},"19":{"start":{"line":32,"column":6},"end":{"line":32,"column":21}},"20":{"start":{"line":34,"column":6},"end":{"line":34,"column":78}},"21":{"start":{"line":41,"column":0},"end":{"line":56,"column":3}},"22":{"start":{"line":42,"column":2},"end":{"line":55,"column":3}},"23":{"start":{"line":43,"column":21},"end":{"line":43,"column":74}},"24":{"start":{"line":44,"column":23},"end":{"line":44,"column":59}},"25":{"start":{"line":44,"column":47},"end":{"line":44,"column":58}},"26":{"start":{"line":46,"column":20},"end":{"line":49,"column":35}},"27":{"start":{"line":51,"column":4},"end":{"line":51,"column":22}},"28":{"start":{"line":53,"column":4},"end":{"line":53,"column":53}},"29":{"start":{"line":54,"column":4},"end":{"line":54,"column":54}},"30":{"start":{"line":60,"column":0},"end":{"line":84,"column":3}},"31":{"start":{"line":61,"column":2},"end":{"line":83,"column":3}},"32":{"start":{"line":62,"column":19},"end":{"line":65,"column":54}},"33":{"start":{"line":67,"column":4},"end":{"line":69,"column":5}},"34":{"start":{"line":68,"column":6},"end":{"line":68,"column":67}},"35":{"start":{"line":72,"column":20},"end":{"line":72,"column":58}},"36":{"start":{"line":73,"column":4},"end":{"line":77,"column":5}},"37":{"start":{"line":76,"column":6},"end":{"line":76,"column":65}},"38":{"start":{"line":79,"column":4},"end":{"line":79,"column":21}},"39":{"start":{"line":81,"column":4},"end":{"line":81,"column":44}},"40":{"start":{"line":82,"column":4},"end":{"line":82,"column":54}},"41":{"start":{"line":88,"column":0},"end":{"line":143,"column":3}},"42":{"start":{"line":89,"column":2},"end":{"line":142,"column":3}},"43":{"start":{"line":90,"column":68},"end":{"line":90,"column":76}},"44":{"start":{"line":93,"column":4},"end":{"line":95,"column":5}},"45":{"start":{"line":94,"column":6},"end":{"line":94,"column":85}},"46":{"start":{"line":98,"column":4},"end":{"line":100,"column":5}},"47":{"start":{"line":99,"column":6},"end":{"line":99,"column":92}},"48":{"start":{"line":103,"column":23},"end":{"line":103,"column":54}},"49":{"start":{"line":104,"column":4},"end":{"line":106,"column":5}},"50":{"start":{"line":105,"column":6},"end":{"line":105,"column":68}},"51":{"start":{"line":109,"column":4},"end":{"line":111,"column":5}},"52":{"start":{"line":110,"column":6},"end":{"line":110,"column":100}},"53":{"start":{"line":113,"column":19},"end":{"line":127,"column":6}},"54":{"start":{"line":129,"column":4},"end":{"line":129,"column":24}},"55":{"start":{"line":131,"column":28},"end":{"line":133,"column":50}},"56":{"start":{"line":135,"column":4},"end":{"line":135,"column":42}},"57":{"start":{"line":137,"column":4},"end":{"line":137,"column":47}},"58":{"start":{"line":138,"column":4},"end":{"line":140,"column":5}},"59":{"start":{"line":139,"column":6},"end":{"line":139,"column":60}},"60":{"start":{"line":141,"column":4},"end":{"line":141,"column":54}},"61":{"start":{"line":147,"column":0},"end":{"line":202,"column":3}},"62":{"start":{"line":148,"column":2},"end":{"line":201,"column":3}},"63":{"start":{"line":150,"column":4},"end":{"line":152,"column":5}},"64":{"start":{"line":151,"column":6},"end":{"line":151,"column":103}},"65":{"start":{"line":154,"column":59},"end":{"line":154,"column":67}},"66":{"start":{"line":157,"column":4},"end":{"line":161,"column":5}},"67":{"start":{"line":158,"column":6},"end":{"line":160,"column":9}},"68":{"start":{"line":164,"column":20},"end":{"line":164,"column":65}},"69":{"start":{"line":165,"column":4},"end":{"line":167,"column":5}},"70":{"start":{"line":166,"column":6},"end":{"line":166,"column":75}},"71":{"start":{"line":169,"column":19},"end":{"line":183,"column":6}},"72":{"start":{"line":185,"column":4},"end":{"line":185,"column":24}},"73":{"start":{"line":187,"column":28},"end":{"line":189,"column":50}},"74":{"start":{"line":191,"column":4},"end":{"line":194,"column":7}},"75":{"start":{"line":196,"column":4},"end":{"line":196,"column":59}},"76":{"start":{"line":197,"column":4},"end":{"line":199,"column":5}},"77":{"start":{"line":198,"column":6},"end":{"line":198,"column":60}},"78":{"start":{"line":200,"column":4},"end":{"line":200,"column":54}},"79":{"start":{"line":206,"column":0},"end":{"line":236,"column":3}},"80":{"start":{"line":207,"column":2},"end":{"line":235,"column":3}},"81":{"start":{"line":208,"column":19},"end":{"line":208,"column":55}},"82":{"start":{"line":209,"column":4},"end":{"line":211,"column":5}},"83":{"start":{"line":210,"column":6},"end":{"line":210,"column":67}},"84":{"start":{"line":213,"column":20},"end":{"line":213,"column":58}},"85":{"start":{"line":214,"column":4},"end":{"line":217,"column":5}},"86":{"start":{"line":216,"column":6},"end":{"line":216,"column":65}},"87":{"start":{"line":219,"column":4},"end":{"line":222,"column":7}},"88":{"start":{"line":224,"column":4},"end":{"line":224,"column":24}},"89":{"start":{"line":226,"column":26},"end":{"line":229,"column":54}},"90":{"start":{"line":231,"column":4},"end":{"line":231,"column":28}},"91":{"start":{"line":233,"column":4},"end":{"line":233,"column":45}},"92":{"start":{"line":234,"column":4},"end":{"line":234,"column":54}},"93":{"start":{"line":240,"column":0},"end":{"line":259,"column":3}},"94":{"start":{"line":241,"column":2},"end":{"line":258,"column":3}},"95":{"start":{"line":242,"column":19},"end":{"line":242,"column":55}},"96":{"start":{"line":243,"column":4},"end":{"line":245,"column":5}},"97":{"start":{"line":244,"column":6},"end":{"line":244,"column":72}},"98":{"start":{"line":247,"column":20},"end":{"line":247,"column":58}},"99":{"start":{"line":248,"column":4},"end":{"line":252,"column":5}},"100":{"start":{"line":251,"column":6},"end":{"line":251,"column":65}},"101":{"start":{"line":254,"column":4},"end":{"line":254,"column":69}},"102":{"start":{"line":256,"column":4},"end":{"line":256,"column":49}},"103":{"start":{"line":257,"column":4},"end":{"line":257,"column":54}},"104":{"start":{"line":261,"column":0},"end":{"line":261,"column":24}}},"fnMap":{"0":{"name":"(anonymous_0)","decl":{"start":{"line":12,"column":15},"end":{"line":12,"column":16}},"loc":{"start":{"line":12,"column":34},"end":{"line":18,"column":3}},"line":12},"1":{"name":"(anonymous_1)","decl":{"start":{"line":19,"column":12},"end":{"line":19,"column":13}},"loc":{"start":{"line":19,"column":31},"end":{"line":22,"column":3}},"line":19},"2":{"name":"(anonymous_2)","decl":{"start":{"line":28,"column":14},"end":{"line":28,"column":15}},"loc":{"start":{"line":28,"column":33},"end":{"line":36,"column":3}},"line":28},"3":{"name":"(anonymous_3)","decl":{"start":{"line":41,"column":29},"end":{"line":41,"column":30}},"loc":{"start":{"line":41,"column":49},"end":{"line":56,"column":1}},"line":41},"4":{"name":"(anonymous_4)","decl":{"start":{"line":44,"column":36},"end":{"line":44,"column":37}},"loc":{"start":{"line":44,"column":47},"end":{"line":44,"column":58}},"line":44},"5":{"name":"(anonymous_5)","decl":{"start":{"line":60,"column":25},"end":{"line":60,"column":26}},"loc":{"start":{"line":60,"column":45},"end":{"line":84,"column":1}},"line":60},"6":{"name":"(anonymous_6)","decl":{"start":{"line":88,"column":54},"end":{"line":88,"column":55}},"loc":{"start":{"line":88,"column":74},"end":{"line":143,"column":1}},"line":88},"7":{"name":"(anonymous_7)","decl":{"start":{"line":147,"column":61},"end":{"line":147,"column":62}},"loc":{"start":{"line":147,"column":81},"end":{"line":202,"column":1}},"line":147},"8":{"name":"(anonymous_8)","decl":{"start":{"line":206,"column":35},"end":{"line":206,"column":36}},"loc":{"start":{"line":206,"column":55},"end":{"line":236,"column":1}},"line":206},"9":{"name":"(anonymous_9)","decl":{"start":{"line":240,"column":34},"end":{"line":240,"column":35}},"loc":{"start":{"line":240,"column":54},"end":{"line":259,"column":1}},"line":240}},"branchMap":{"0":{"loc":{"start":{"line":14,"column":4},"end":{"line":16,"column":5}},"type":"if","locations":[{"start":{"line":14,"column":4},"end":{"line":16,"column":5}},{"start":{},"end":{}}],"line":14},"1":{"loc":{"start":{"line":31,"column":4},"end":{"line":35,"column":5}},"type":"if","locations":[{"start":{"line":31,"column":4},"end":{"line":35,"column":5}},{"start":{"line":33,"column":11},"end":{"line":35,"column":5}}],"line":31},"2":{"loc":{"start":{"line":67,"column":4},"end":{"line":69,"column":5}},"type":"if","locations":[{"start":{"line":67,"column":4},"end":{"line":69,"column":5}},{"start":{},"end":{}}],"line":67},"3":{"loc":{"start":{"line":73,"column":4},"end":{"line":77,"column":5}},"type":"if","locations":[{"start":{"line":73,"column":4},"end":{"line":77,"column":5}},{"start":{},"end":{}}],"line":73},"4":{"loc":{"start":{"line":73,"column":8},"end":{"line":75,"column":33}},"type":"binary-expr","locations":[{"start":{"line":73,"column":8},"end":{"line":73,"column":70}},{"start":{"line":74,"column":8},"end":{"line":74,"column":63}},{"start":{"line":75,"column":8},"end":{"line":75,"column":33}}],"line":73},"5":{"loc":{"start":{"line":93,"column":4},"end":{"line":95,"column":5}},"type":"if","locations":[{"start":{"line":93,"column":4},"end":{"line":95,"column":5}},{"start":{},"end":{}}],"line":93},"6":{"loc":{"start":{"line":93,"column":8},"end":{"line":93,"column":72}},"type":"binary-expr","locations":[{"start":{"line":93,"column":8},"end":{"line":93,"column":16}},{"start":{"line":93,"column":20},"end":{"line":93,"column":26}},{"start":{"line":93,"column":30},"end":{"line":93,"column":42}},{"start":{"line":93,"column":46},"end":{"line":93,"column":55}},{"start":{"line":93,"column":59},"end":{"line":93,"column":72}}],"line":93},"7":{"loc":{"start":{"line":98,"column":4},"end":{"line":100,"column":5}},"type":"if","locations":[{"start":{"line":98,"column":4},"end":{"line":100,"column":5}},{"start":{},"end":{}}],"line":98},"8":{"loc":{"start":{"line":104,"column":4},"end":{"line":106,"column":5}},"type":"if","locations":[{"start":{"line":104,"column":4},"end":{"line":106,"column":5}},{"start":{},"end":{}}],"line":104},"9":{"loc":{"start":{"line":109,"column":4},"end":{"line":111,"column":5}},"type":"if","locations":[{"start":{"line":109,"column":4},"end":{"line":111,"column":5}},{"start":{},"end":{}}],"line":109},"10":{"loc":{"start":{"line":109,"column":8},"end":{"line":109,"column":102}},"type":"binary-expr","locations":[{"start":{"line":109,"column":8},"end":{"line":109,"column":73}},{"start":{"line":109,"column":77},"end":{"line":109,"column":102}}],"line":109},"11":{"loc":{"start":{"line":120,"column":18},"end":{"line":125,"column":19}},"type":"cond-expr","locations":[{"start":{"line":120,"column":29},"end":{"line":125,"column":7}},{"start":{"line":125,"column":10},"end":{"line":125,"column":19}}],"line":120},"12":{"loc":{"start":{"line":138,"column":4},"end":{"line":140,"column":5}},"type":"if","locations":[{"start":{"line":138,"column":4},"end":{"line":140,"column":5}},{"start":{},"end":{}}],"line":138},"13":{"loc":{"start":{"line":150,"column":4},"end":{"line":152,"column":5}},"type":"if","locations":[{"start":{"line":150,"column":4},"end":{"line":152,"column":5}},{"start":{},"end":{}}],"line":150},"14":{"loc":{"start":{"line":157,"column":4},"end":{"line":161,"column":5}},"type":"if","locations":[{"start":{"line":157,"column":4},"end":{"line":161,"column":5}},{"start":{},"end":{}}],"line":157},"15":{"loc":{"start":{"line":157,"column":8},"end":{"line":157,"column":73}},"type":"binary-expr","locations":[{"start":{"line":157,"column":8},"end":{"line":157,"column":14}},{"start":{"line":157,"column":18},"end":{"line":157,"column":30}},{"start":{"line":157,"column":34},"end":{"line":157,"column":43}},{"start":{"line":157,"column":47},"end":{"line":157,"column":60}},{"start":{"line":157,"column":64},"end":{"line":157,"column":73}}],"line":157},"16":{"loc":{"start":{"line":165,"column":4},"end":{"line":167,"column":5}},"type":"if","locations":[{"start":{"line":165,"column":4},"end":{"line":167,"column":5}},{"start":{},"end":{}}],"line":165},"17":{"loc":{"start":{"line":197,"column":4},"end":{"line":199,"column":5}},"type":"if","locations":[{"start":{"line":197,"column":4},"end":{"line":199,"column":5}},{"start":{},"end":{}}],"line":197},"18":{"loc":{"start":{"line":209,"column":4},"end":{"line":211,"column":5}},"type":"if","locations":[{"start":{"line":209,"column":4},"end":{"line":211,"column":5}},{"start":{},"end":{}}],"line":209},"19":{"loc":{"start":{"line":214,"column":4},"end":{"line":217,"column":5}},"type":"if","locations":[{"start":{"line":214,"column":4},"end":{"line":217,"column":5}},{"start":{},"end":{}}],"line":214},"20":{"loc":{"start":{"line":214,"column":8},"end":{"line":215,"column":33}},"type":"binary-expr","locations":[{"start":{"line":214,"column":8},"end":{"line":214,"column":70}},{"start":{"line":215,"column":8},"end":{"line":215,"column":33}}],"line":214},"21":{"loc":{"start":{"line":243,"column":4},"end":{"line":245,"column":5}},"type":"if","locations":[{"start":{"line":243,"column":4},"end":{"line":245,"column":5}},{"start":{},"end":{}}],"line":243},"22":{"loc":{"start":{"line":243,"column":8},"end":{"line":243,"column":37}},"type":"binary-expr","locations":[{"start":{"line":243,"column":8},"end":{"line":243,"column":15}},{"start":{"line":243,"column":19},"end":{"line":243,"column":37}}],"line":243},"23":{"loc":{"start":{"line":248,"column":4},"end":{"line":252,"column":5}},"type":"if","locations":[{"start":{"line":248,"column":4},"end":{"line":252,"column":5}},{"start":{},"end":{}}],"line":248},"24":{"loc":{"start":{"line":248,"column":8},"end":{"line":250,"column":33}},"type":"binary-expr","locations":[{"start":{"line":248,"column":8},"end":{"line":248,"column":70}},{"start":{"line":249,"column":8},"end":{"line":249,"column":63}},{"start":{"line":250,"column":8},"end":{"line":250,"column":33}}],"line":248}},"s":{"0":0,"1":0,"2":0,"3":0,"4":0,"5":0,"6":0,"7":0,"8":0,"9":0,"10":0,"11":0,"12":0,"13":0,"14":0,"15":0,"16":0,"17":0,"18":0,"19":0,"20":0,"21":0,"22":0,"23":0,"24":0,"25":0,"26":0,"27":0,"28":0,"29":0,"30":0,"31":0,"32":0,"33":0,"34":0,"35":0,"36":0,"37":0,"38":0,"39":0,"40":0,"41":0,"42":0,"43":0,"44":0,"45":0,"46":0,"47":0,"48":0,"49":0,"50":0,"51":0,"52":0,"53":0,"54":0,"55":0,"56":0,"57":0,"58":0,"59":0,"60":0,"61":0,"62":0,"63":0,"64":0,"65":0,"66":0,"67":0,"68":0,"69":0,"70":0,"71":0,"72":0,"73":0,"74":0,"75":0,"76":0,"77":0,"78":0,"79":0,"80":0,"81":0,"82":0,"83":0,"84":0,"85":0,"86":0,"87":0,"88":0,"89":0,"90":0,"91":0,"92":0,"93":0,"94":0,"95":0,"96":0,"97":0,"98":0,"99":0,"100":0,"101":0,"102":0,"103":0,"104":0},"f":{"0":0,"1":0,"2":0,"3":0,"4":0,"5":0,"6":0,"7":0,"8":0,"9":0},"b":{"0":[0,0],"1":[0,0],"2":[0,0],"3":[0,0],"4":[0,0,0],"5":[0,0],"6":[0,0,0,0,0],"7":[0,0],"8":[0,0],"9":[0,0],"10":[0,0],"11":[0,0],"12":[0,0],"13":[0,0],"14":[0,0],"15":[0,0,0,0,0],"16":[0,0],"17":[0,0],"18":[0,0],"19":[0,0],"20":[0,0],"21":[0,0],"22":[0,0],"23":[0,0],"24":[0,0,0]}}
}
